/home/vishalsharma/Music/inspektlabs internship assignment/assignment/assignment
/home/vishalsharma/Music/inspektlabs internship assignment/assignment/assignment
/home/vishalsharma/Music/inspektlabs internship assignment/assignment/assignment
/home/vishalsharma/Music/inspektlabs internship assignment/assignment/assignment
/home/vishalsharma/Music/inspektlabs internship assignment/assignment/assignment
/home/vishalsharma/Music/inspektlabs internship assignment/assignment/assignment
/home/vishalsharma/Music/inspektlabs internship assignment/assignment/assignment
/home/vishalsharma/Music/inspektlabs internship assignment/assignment/assignment
/home/vishalsharma/Music/inspektlabs internship assignment/assignment/assignment
/home/vishalsharma/Music/inspektlabs internship assignment/assignment/assignment
/home/vishalsharma/Music/inspektlabs internship assignment/assignment/assignment/uploads/
/home/vishalsharma/Music/inspektlabs internship assignment/assignment/assignment
/home/vishalsharma/Music/inspektlabs internship assignment/assignment/assignment/uploads/
saving /home/vishalsharma/Music/inspektlabs internship assignment/assignment/assignment/uploads/image.jpg
/home/vishalsharma/Music/inspektlabs internship assignment/assignment/assignment
/home/vishalsharma/Music/inspektlabs internship assignment/assignment/assignment/uploads/
saving /home/vishalsharma/Music/inspektlabs internship assignment/assignment/assignment/uploads/l32nf.jpg
/home/vishalsharma/Music/inspektlabs internship assignment/assignment/assignment
/home/vishalsharma/Music/inspektlabs internship assignment/assignment/assignment/uploads/
saving /home/vishalsharma/Music/inspektlabs internship assignment/assignment/assignment/uploads/hxxulr.jpg
/home/vishalsharma/Music/inspektlabs internship assignment/assignment/assignment
/home/vishalsharma/Music/inspektlabs internship assignment/assignment/assignment
/home/vishalsharma/Music/inspektlabs internship assignment/assignment/assignment/uploads/
saving /home/vishalsharma/Music/inspektlabs internship assignment/assignment/assignment/uploads/btaru.jpg
/home/vishalsharma/Music/inspektlabs internship assignment/assignment/assignment
/home/vishalsharma/Music/inspektlabs internship assignment/assignment/assignment/uploads/
saving /home/vishalsharma/Music/inspektlabs internship assignment/assignment/assignment/uploads/v688rv.jpg
/home/vishalsharma/Music/inspektlabs internship assignment/assignment/assignment
/home/vishalsharma/Music/inspektlabs internship assignment/assignment/assignment/uploads/
saving /home/vishalsharma/Music/inspektlabs internship assignment/assignment/assignment/uploads/z9bqcs.jpg
/home/vishalsharma/Music/inspektlabs internship assignment/assignment/assignment
/home/vishalsharma/Music/inspektlabs internship assignment/assignment/assignment/uploads/
saving /home/vishalsharma/Music/inspektlabs internship assignment/assignment/assignment/uploads/zq48hl.jpg
/home/vishalsharma/Music/inspektlabs internship assignment/assignment/assignment
/home/vishalsharma/Music/inspektlabs internship assignment/assignment/assignment/uploads/
saving /home/vishalsharma/Music/inspektlabs internship assignment/assignment/assignment/uploads/swrx1h.jpg
/home/vishalsharma/Music/inspektlabs internship assignment/assignment/assignment
/home/vishalsharma/Music/inspektlabs internship assignment/assignment/assignment/uploads/
saving /home/vishalsharma/Music/inspektlabs internship assignment/assignment/assignment/uploads/7exsn.jpg
/home/vishalsharma/Music/inspektlabs internship assignment/assignment/assignment
/home/vishalsharma/Music/inspektlabs internship assignment/assignment/assignment/uploads/
saving /home/vishalsharma/Music/inspektlabs internship assignment/assignment/assignment/uploads/yohygd.jpg
/home/vishalsharma/Music/inspektlabs internship assignment/assignment/assignment
/home/vishalsharma/Music/inspektlabs internship assignment/assignment/assignment/uploads/
saving /home/vishalsharma/Music/inspektlabs internship assignment/assignment/assignment/uploads/l5esp9.jpg
/home/vishalsharma/Music/inspektlabs internship assignment/assignment/assignment
/home/vishalsharma/Music/inspektlabs internship assignment/assignment/assignment/uploads/
saving /home/vishalsharma/Music/inspektlabs internship assignment/assignment/assignment/uploads/rovmv.jpg
/home/vishalsharma/Music/inspektlabs internship assignment/assignment/assignment
/home/vishalsharma/Music/inspektlabs internship assignment/assignment/assignment/uploads/
saving /home/vishalsharma/Music/inspektlabs internship assignment/assignment/assignment/uploads/5joo4s9.jpg
/home/vishalsharma/Music/inspektlabs internship assignment/assignment/assignment
/home/vishalsharma/Music/inspektlabs internship assignment/assignment/assignment/uploads/
saving /home/vishalsharma/Music/inspektlabs internship assignment/assignment/assignment/uploads/lfbi6f.jpg
/home/vishalsharma/Music/inspektlabs internship assignment/assignment/assignment
/home/vishalsharma/Music/inspektlabs internship assignment/assignment/assignment/uploads/
saving /home/vishalsharma/Music/inspektlabs internship assignment/assignment/assignment/uploads/8cjt0s.jpg
/home/vishalsharma/Music/inspektlabs internship assignment/assignment/assignment
/home/vishalsharma/Music/inspektlabs internship assignment/assignment/assignment/uploads/
saving /home/vishalsharma/Music/inspektlabs internship assignment/assignment/assignment/uploads/driblb.jpg
/home/vishalsharma/Music/inspektlabs internship assignment/assignment/assignment
/home/vishalsharma/Music/inspektlabs internship assignment/assignment/assignment/uploads/
saving /home/vishalsharma/Music/inspektlabs internship assignment/assignment/assignment/uploads/e97fl.jpg
/home/vishalsharma/Music/inspektlabs internship assignment/assignment/assignment
/home/vishalsharma/Music/inspektlabs internship assignment/assignment/assignment/uploads/
saving /home/vishalsharma/Music/inspektlabs internship assignment/assignment/assignment/uploads/0clnxd.jpg
/home/vishalsharma/Music/inspektlabs internship assignment/assignment/assignment
/home/vishalsharma/Music/inspektlabs internship assignment/assignment/assignment/uploads/
saving /home/vishalsharma/Music/inspektlabs internship assignment/assignment/assignment/uploads/9tw11e.jpg
/home/vishalsharma/Music/inspektlabs internship assignment/assignment/assignment
/home/vishalsharma/Music/inspektlabs internship assignment/assignment/assignment/uploads/
saving /home/vishalsharma/Music/inspektlabs internship assignment/assignment/assignment/uploads/n0mp3.jpg
/home/vishalsharma/Music/inspektlabs internship assignment/assignment/assignment
/home/vishalsharma/Music/inspektlabs internship assignment/assignment/assignment/uploads/
saving /home/vishalsharma/Music/inspektlabs internship assignment/assignment/assignment/uploads/h2837t.jpg
/home/vishalsharma/Music/inspektlabs internship assignment/assignment/assignment
/home/vishalsharma/Music/inspektlabs internship assignment/assignment/assignment/uploads/
saving /home/vishalsharma/Music/inspektlabs internship assignment/assignment/assignment/uploads/guwbb.jpg
/home/vishalsharma/Music/inspektlabs internship assignment/assignment/assignment
/home/vishalsharma/Music/inspektlabs internship assignment/assignment/assignment/uploads/
saving /home/vishalsharma/Music/inspektlabs internship assignment/assignment/assignment/uploads/ixl03d.jpg
/home/vishalsharma/Music/inspektlabs internship assignment/assignment/assignment
/home/vishalsharma/Music/inspektlabs internship assignment/assignment/assignment/uploads/
saving /home/vishalsharma/Music/inspektlabs internship assignment/assignment/assignment/uploads/qszgqd.jpg
/home/vishalsharma/Music/inspektlabs internship assignment/assignment/assignment
/home/vishalsharma/Music/inspektlabs internship assignment/assignment/assignment/uploads/
saving /home/vishalsharma/Music/inspektlabs internship assignment/assignment/assignment/uploads/ab1ymc.jpg
/home/vishalsharma/Music/inspektlabs internship assignment/assignment/assignment
/home/vishalsharma/Music/inspektlabs internship assignment/assignment/assignment/uploads/
saving /home/vishalsharma/Music/inspektlabs internship assignment/assignment/assignment/uploads/z8012.jpg
/home/vishalsharma/Music/inspektlabs internship assignment/assignment/assignment
/home/vishalsharma/Music/inspektlabs internship assignment/assignment/assignment/uploads/
saving /home/vishalsharma/Music/inspektlabs internship assignment/assignment/assignment/uploads/697vh.jpg
/home/vishalsharma/Music/inspektlabs internship assignment/assignment/assignment
/home/vishalsharma/Music/inspektlabs internship assignment/assignment/assignment/uploads/
saving /home/vishalsharma/Music/inspektlabs internship assignment/assignment/assignment/uploads/oxejdr.jpg
/home/vishalsharma/Music/inspektlabs internship assignment/assignment/assignment
/home/vishalsharma/Music/inspektlabs internship assignment/assignment/assignment/uploads/
saving /home/vishalsharma/Music/inspektlabs internship assignment/assignment/assignment/uploads/uw2v3.jpg
/home/vishalsharma/Music/inspektlabs internship assignment/assignment/assignment
/home/vishalsharma/Music/inspektlabs internship assignment/assignment/assignment/uploads/
saving /home/vishalsharma/Music/inspektlabs internship assignment/assignment/assignment/uploads/m6i2le.jpg
/home/vishalsharma/Music/inspektlabs internship assignment/assignment/assignment
/home/vishalsharma/Music/inspektlabs internship assignment/assignment/assignment/uploads/
saving /home/vishalsharma/Music/inspektlabs internship assignment/assignment/assignment/uploads/2yob4.jpg
/home/vishalsharma/Music/inspektlabs internship assignment/assignment/assignment
/home/vishalsharma/Music/inspektlabs internship assignment/assignment/assignment/uploads/
saving /home/vishalsharma/Music/inspektlabs internship assignment/assignment/assignment/uploads/x8vxag.jpg
/home/vishalsharma/Music/inspektlabs internship assignment/assignment/assignment
/home/vishalsharma/Music/inspektlabs internship assignment/assignment/assignment/uploads/
saving /home/vishalsharma/Music/inspektlabs internship assignment/assignment/assignment/uploads/3cydm8.jpg
/home/vishalsharma/Music/inspektlabs internship assignment/assignment/assignment
/home/vishalsharma/Music/inspektlabs internship assignment/assignment/assignment/uploads/
saving /home/vishalsharma/Music/inspektlabs internship assignment/assignment/assignment/uploads/998nd.jpg
/home/vishalsharma/Music/inspektlabs internship assignment/assignment/assignment
/home/vishalsharma/Music/inspektlabs internship assignment/assignment/assignment/uploads/
saving /home/vishalsharma/Music/inspektlabs internship assignment/assignment/assignment/uploads/mlcf7m.jpg
/home/vishalsharma/Music/inspektlabs internship assignment/assignment/assignment
/home/vishalsharma/Music/inspektlabs internship assignment/assignment/assignment/uploads/
saving /home/vishalsharma/Music/inspektlabs internship assignment/assignment/assignment/uploads/lvsvpi.jpg
/home/vishalsharma/Music/inspektlabs internship assignment/assignment/assignment
/home/vishalsharma/Music/inspektlabs internship assignment/assignment/assignment/uploads/
saving /home/vishalsharma/Music/inspektlabs internship assignment/assignment/assignment/uploads/90o1n.jpg
/home/vishalsharma/Music/inspektlabs internship assignment/assignment/assignment
/home/vishalsharma/Music/inspektlabs internship assignment/assignment/assignment/uploads/
saving /home/vishalsharma/Music/inspektlabs internship assignment/assignment/assignment/uploads/iwtha.jpg
/home/vishalsharma/Music/inspektlabs internship assignment/assignment/assignment
/home/vishalsharma/Music/inspektlabs internship assignment/assignment/assignment/uploads/
saving /home/vishalsharma/Music/inspektlabs internship assignment/assignment/assignment/uploads/rk80zd.jpg
/home/vishalsharma/Music/inspektlabs internship assignment/assignment/assignment
/home/vishalsharma/Music/inspektlabs internship assignment/assignment/assignment/uploads/
saving /home/vishalsharma/Music/inspektlabs internship assignment/assignment/assignment/uploads/0jpvpa.jpg
/home/vishalsharma/Music/inspektlabs internship assignment/assignment/assignment
/home/vishalsharma/Music/inspektlabs internship assignment/assignment/assignment/uploads/
saving /home/vishalsharma/Music/inspektlabs internship assignment/assignment/assignment/uploads/wib2j.jpg
/home/vishalsharma/Music/inspektlabs internship assignment/assignment/assignment
/home/vishalsharma/Music/inspektlabs internship assignment/assignment/assignment/uploads/
saving /home/vishalsharma/Music/inspektlabs internship assignment/assignment/assignment/uploads/bo0ao6.jpg
/home/vishalsharma/Music/inspektlabs internship assignment/assignment/assignment
/home/vishalsharma/Music/inspektlabs internship assignment/assignment/assignment/uploads/
saving /home/vishalsharma/Music/inspektlabs internship assignment/assignment/assignment/uploads/vox9jg.jpg
/home/vishalsharma/Music/inspektlabs internship assignment/assignment/assignment
/home/vishalsharma/Music/inspektlabs internship assignment/assignment/assignment/uploads/
saving /home/vishalsharma/Music/inspektlabs internship assignment/assignment/assignment/uploads/idbvkd.jpg
/home/vishalsharma/Music/inspektlabs internship assignment/assignment/assignment
/home/vishalsharma/Music/inspektlabs internship assignment/assignment/assignment/uploads/
saving /home/vishalsharma/Music/inspektlabs internship assignment/assignment/assignment/uploads/4iw83n.jpg
/home/vishalsharma/Music/inspektlabs internship assignment/assignment/assignment
/home/vishalsharma/Music/inspektlabs internship assignment/assignment/assignment/uploads/
saving /home/vishalsharma/Music/inspektlabs internship assignment/assignment/assignment/uploads/a6icuo.jpg
/home/vishalsharma/Music/inspektlabs internship assignment/assignment/assignment
/home/vishalsharma/Music/inspektlabs internship assignment/assignment/assignment/uploads/
saving /home/vishalsharma/Music/inspektlabs internship assignment/assignment/assignment/uploads/7z1ptl.jpg
/home/vishalsharma/Music/inspektlabs internship assignment/assignment/assignment
/home/vishalsharma/Music/inspektlabs internship assignment/assignment/assignment/uploads/
saving /home/vishalsharma/Music/inspektlabs internship assignment/assignment/assignment/uploads/plkncr.jpg
/home/vishalsharma/Music/inspektlabs internship assignment/assignment/assignment
/home/vishalsharma/Music/inspektlabs internship assignment/assignment/assignment/uploads/
saving /home/vishalsharma/Music/inspektlabs internship assignment/assignment/assignment/uploads/7iw1ds.jpg
/home/vishalsharma/Music/inspektlabs internship assignment/assignment/assignment
/home/vishalsharma/Music/inspektlabs internship assignment/assignment/assignment/uploads/
saving /home/vishalsharma/Music/inspektlabs internship assignment/assignment/assignment/uploads/69yas.jpg
/home/vishalsharma/Music/inspektlabs internship assignment/assignment/assignment
/home/vishalsharma/Music/inspektlabs internship assignment/assignment/assignment/uploads/
saving /home/vishalsharma/Music/inspektlabs internship assignment/assignment/assignment/uploads/rp765j.jpg
/home/vishalsharma/Music/inspektlabs internship assignment/assignment/assignment
/home/vishalsharma/Music/inspektlabs internship assignment/assignment/assignment/uploads/
saving /home/vishalsharma/Music/inspektlabs internship assignment/assignment/assignment/uploads/r5tcy.jpg
/home/vishalsharma/Music/inspektlabs internship assignment/assignment/assignment
/home/vishalsharma/Music/inspektlabs internship assignment/assignment/assignment/uploads/
saving /home/vishalsharma/Music/inspektlabs internship assignment/assignment/assignment/uploads/a92tg.jpg
